<?xml version="1.0" encoding="UTF-8"?>
<!-- Generated by org.testng.reporters.JUnitXMLReporter -->
<testsuite ignored="0" hostname="DESKTOP-CI8IVDA" failures="0" tests="3" name="Test" time="11.687" errors="0" timestamp="2025-07-31T11:00:37 IST">
  <testcase classname="producttest.ExampleTest" name="reorder1" time="0.018"/>
  <testcase classname="producttest.ExampleTest" name="reorder5" time="0.002"/>
  <testcase classname="producttest.ExampleTest" name="orderProducts" time="1.59"/>
</testsuite> <!-- Test -->
