<?xml version="1.0" encoding="UTF-8"?>
<!-- Generated by org.testng.reporters.JUnitXMLReporter -->
<testsuite ignored="0" hostname="DESKTOP-CI8IVDA" failures="0" tests="1" name="Test(failed)" time="1.508" errors="0" timestamp="2025-07-28T09:52:35 IST">
  <testcase classname="genericlibrary.BaseConfig" name="@BeforeClass BrowserSetup" time="-1.753676553765E9">
    <failure type="org.testng.TestNGException" message="
Can inject only one of &amp;lt;ITestContext, XmlTest&amp;gt; into a @BeforeClass annotated BrowserSetup.
For more information on native dependency injection please refer to https://testng.org/#_dependency_injection">
      <![CDATA[org.testng.TestNGException: 
Can inject only one of <ITestContext, XmlTest> into a @BeforeClass annotated BrowserSetup.
For more information on native dependency injection please refer to https://testng.org/#_dependency_injection
at java.base/java.util.ArrayList.forEach(ArrayList.java:1596)
... Removed 22 stack frames]]>
    </failure>
  </testcase> <!-- @BeforeClass BrowserSetup -->
  <testcase classname="genericlibrary.BaseConfig" name="@BeforeMethod LoginSwagLabs" time="0.0">
    <skipped/>
  </testcase> <!-- @BeforeMethod LoginSwagLabs -->
  <testcase classname="genericlibrary.BaseConfig" name="@AfterMethod LogoutSwagLabs" time="0.0">
    <skipped/>
  </testcase> <!-- @AfterMethod LogoutSwagLabs -->
  <testcase classname="genericlibrary.BaseConfig" name="@AfterClass BrowserTermination" time="0.0">
    <skipped/>
  </testcase> <!-- @AfterClass BrowserTermination -->
  <testcase classname="producttest.UsingPOM_Order3ProdSwagLabs" name="orderProducts" time="0.0">
    <skipped/>
  </testcase> <!-- orderProducts -->
</testsuite> <!-- Test(failed) -->
