<?xml version="1.0" encoding="UTF-8"?>
<testng-results ignored="0" total="3" passed="3" failed="0" skipped="0">
  <reporter-output>
    <line>
      <![CDATA[Login Successful]]>
    </line>
    <line>
      <![CDATA[Login Successful]]>
    </line>
    <line>
      <![CDATA[Login Successful]]>
    </line>
  </reporter-output>
  <suite started-at="2025-07-31T11:00:25 IST" name="RegressionSuite" finished-at="2025-07-31T11:00:37 IST" duration-ms="11687">
    <groups>
    </groups>
    <test started-at="2025-07-31T11:00:25 IST" name="Test" finished-at="2025-07-31T11:00:37 IST" duration-ms="11687">
      <class name="producttest.ExampleTest">
        <test-method is-config="true" signature="ReportSetup()[pri:0, instance:producttest.ExampleTest@4e08711f]" started-at="2025-07-31T11:00:25 IST" name="ReportSetup" finished-at="2025-07-31T11:00:25 IST" duration-ms="269" status="PASS">
          <reporter-output>
          </reporter-output>
        </test-method> <!-- ReportSetup -->
        <test-method is-config="true" signature="BrowserSetup(java.lang.String)[pri:0, instance:producttest.ExampleTest@4e08711f]" started-at="2025-07-31T11:00:25 IST" name="BrowserSetup" finished-at="2025-07-31T11:00:30 IST" duration-ms="4513" status="PASS">
          <params>
            <param index="0">
              <value>
                <![CDATA[edge]]>
              </value>
            </param>
          </params>
          <reporter-output>
          </reporter-output>
        </test-method> <!-- BrowserSetup -->
        <test-method is-config="true" signature="LoginSwagLabs()[pri:0, instance:producttest.ExampleTest@4e08711f]" started-at="2025-07-31T11:00:30 IST" name="LoginSwagLabs" finished-at="2025-07-31T11:00:30 IST" duration-ms="403" status="PASS">
          <reporter-output>
            <line>
              <![CDATA[Login Successful]]>
            </line>
          </reporter-output>
        </test-method> <!-- LoginSwagLabs -->
        <test-method signature="reorder1()[pri:0, instance:producttest.ExampleTest@4e08711f]" started-at="2025-07-31T11:00:30 IST" name="reorder1" finished-at="2025-07-31T11:00:30 IST" duration-ms="18" status="PASS">
          <reporter-output>
          </reporter-output>
        </test-method> <!-- reorder1 -->
        <test-method is-config="true" signature="LogoutSwagLabs()[pri:0, instance:producttest.ExampleTest@4e08711f]" started-at="2025-07-31T11:00:30 IST" name="LogoutSwagLabs" finished-at="2025-07-31T11:00:31 IST" duration-ms="761" status="PASS">
          <reporter-output>
          </reporter-output>
        </test-method> <!-- LogoutSwagLabs -->
        <test-method is-config="true" signature="LoginSwagLabs()[pri:0, instance:producttest.ExampleTest@4e08711f]" started-at="2025-07-31T11:00:31 IST" name="LoginSwagLabs" finished-at="2025-07-31T11:00:31 IST" duration-ms="367" status="PASS">
          <reporter-output>
            <line>
              <![CDATA[Login Successful]]>
            </line>
          </reporter-output>
        </test-method> <!-- LoginSwagLabs -->
        <test-method signature="reorder5()[pri:0, instance:producttest.ExampleTest@4e08711f]" started-at="2025-07-31T11:00:31 IST" name="reorder5" finished-at="2025-07-31T11:00:31 IST" duration-ms="2" status="PASS">
          <reporter-output>
          </reporter-output>
        </test-method> <!-- reorder5 -->
        <test-method is-config="true" signature="LogoutSwagLabs()[pri:0, instance:producttest.ExampleTest@4e08711f]" started-at="2025-07-31T11:00:31 IST" name="LogoutSwagLabs" finished-at="2025-07-31T11:00:32 IST" duration-ms="741" status="PASS">
          <reporter-output>
          </reporter-output>
        </test-method> <!-- LogoutSwagLabs -->
        <test-method is-config="true" signature="LoginSwagLabs()[pri:0, instance:producttest.ExampleTest@4e08711f]" started-at="2025-07-31T11:00:33 IST" name="LoginSwagLabs" finished-at="2025-07-31T11:00:34 IST" duration-ms="538" status="PASS">
          <reporter-output>
            <line>
              <![CDATA[Login Successful]]>
            </line>
          </reporter-output>
        </test-method> <!-- LoginSwagLabs -->
        <test-method signature="orderProducts(java.lang.String,java.lang.String,java.lang.String)[pri:1, instance:producttest.ExampleTest@4e08711f]" started-at="2025-07-31T11:00:34 IST" name="orderProducts" data-provider="readValues" finished-at="2025-07-31T11:00:35 IST" duration-ms="1590" status="PASS">
          <params>
            <param index="0">
              <value>
                <![CDATA[nihanth]]>
              </value>
            </param>
            <param index="1">
              <value>
                <![CDATA[chowdary]]>
              </value>
            </param>
            <param index="2">
              <value>
                <![CDATA[ 500004]]>
              </value>
            </param>
          </params>
          <reporter-output>
          </reporter-output>
        </test-method> <!-- orderProducts -->
        <test-method is-config="true" signature="LogoutSwagLabs()[pri:0, instance:producttest.ExampleTest@4e08711f]" started-at="2025-07-31T11:00:35 IST" name="LogoutSwagLabs" finished-at="2025-07-31T11:00:36 IST" duration-ms="770" status="PASS">
          <reporter-output>
          </reporter-output>
        </test-method> <!-- LogoutSwagLabs -->
        <test-method is-config="true" signature="BrowserTermination()[pri:0, instance:producttest.ExampleTest@4e08711f]" started-at="2025-07-31T11:00:36 IST" name="BrowserTermination" finished-at="2025-07-31T11:00:36 IST" duration-ms="378" status="PASS">
          <reporter-output>
          </reporter-output>
        </test-method> <!-- BrowserTermination -->
        <test-method is-config="true" signature="ReportTerminate()[pri:0, instance:producttest.ExampleTest@4e08711f]" started-at="2025-07-31T11:00:36 IST" name="ReportTerminate" finished-at="2025-07-31T11:00:37 IST" duration-ms="369" status="PASS">
          <reporter-output>
          </reporter-output>
        </test-method> <!-- ReportTerminate -->
      </class> <!-- producttest.ExampleTest -->
    </test> <!-- Test -->
  </suite> <!-- RegressionSuite -->
</testng-results>
